<?xml version="1.0" encoding="utf-8"?>
<coverage line-rate="0.8517" branch-rate="0.9761" version="1.9" timestamp="1780450127" lines-covered="270" lines-valid="317" branches-covered="82" branches-valid="84">
  <sources>
    <source>C:/Users/Naru/Desktop/Codigos/TeejoshSystem/TeejoshSystem.Domain/</source>
  </sources>
  <packages>
    <package name="TeejoshSystem.Domain" line-rate="0.8517" branch-rate="0.9761" complexity="189">
      <classes>
        <class name="TeejoshSystem.Domain.ValueObjects.NombreProducto" filename="ValueObjects/NombreProducto.cs" line-rate="1" branch-rate="1" complexity="9">
          <methods>
            <method name="get_Value" signature="()" line-rate="1" branch-rate="1" complexity="1">
              <lines>
                <line number="7" hits="18" branch="False" />
              </lines>
            </method>
            <method name="Equals" signature="(System.Object)" line-rate="1" branch-rate="1" complexity="2">
              <lines>
                <line number="21" hits="5" branch="True" condition-coverage="100% (2/2)">
                  <conditions>
                    <condition number="8" type="jump" coverage="100%" />
                  </conditions>
                </line>
              </lines>
            </method>
            <method name="GetHashCode" signature="()" line-rate="1" branch-rate="1" complexity="1">
              <lines>
                <line number="24" hits="4" branch="False" />
              </lines>
            </method>
            <method name="ToString" signature="()" line-rate="1" branch-rate="1" complexity="1">
              <lines>
                <line number="27" hits="2" branch="False" />
              </lines>
            </method>
            <method name=".ctor" signature="(System.String)" line-rate="1" branch-rate="1" complexity="4">
              <lines>
                <line number="9" hits="61" branch="False" />
                <line number="10" hits="61" branch="False" />
                <line number="11" hits="61" branch="True" condition-coverage="100% (2/2)">
                  <conditions>
                    <condition number="16" type="jump" coverage="100%" />
                  </conditions>
                </line>
                <line number="12" hits="6" branch="False" />
                <line number="14" hits="55" branch="True" condition-coverage="100% (2/2)">
                  <conditions>
                    <condition number="41" type="jump" coverage="100%" />
                  </conditions>
                </line>
                <line number="15" hits="3" branch="False" />
                <line number="17" hits="52" branch="False" />
                <line number="18" hits="52" branch="False" />
              </lines>
            </method>
          </methods>
          <lines>
            <line number="7" hits="18" branch="False" />
            <line number="21" hits="5" branch="True" condition-coverage="100% (2/2)">
              <conditions>
                <condition number="8" type="jump" coverage="100%" />
              </conditions>
            </line>
            <line number="24" hits="4" branch="False" />
            <line number="27" hits="2" branch="False" />
            <line number="9" hits="61" branch="False" />
            <line number="10" hits="61" branch="False" />
            <line number="11" hits="61" branch="True" condition-coverage="100% (2/2)">
              <conditions>
                <condition number="16" type="jump" coverage="100%" />
              </conditions>
            </line>
            <line number="12" hits="6" branch="False" />
            <line number="14" hits="55" branch="True" condition-coverage="100% (2/2)">
              <conditions>
                <condition number="41" type="jump" coverage="100%" />
              </conditions>
            </line>
            <line number="15" hits="3" branch="False" />
            <line number="17" hits="52" branch="False" />
            <line number="18" hits="52" branch="False" />
          </lines>
        </class>
        <class name="TeejoshSystem.Domain.ValueObjects.Precio" filename="ValueObjects/Precio.cs" line-rate="1" branch-rate="1" complexity="7">
          <methods>
            <method name="get_Value" signature="()" line-rate="1" branch-rate="1" complexity="1">
              <lines>
                <line number="7" hits="22" branch="False" />
              </lines>
            </method>
            <method name="Equals" signature="(System.Object)" line-rate="1" branch-rate="1" complexity="2">
              <lines>
                <line number="19" hits="5" branch="True" condition-coverage="100% (2/2)">
                  <conditions>
                    <condition number="8" type="jump" coverage="100%" />
                  </conditions>
                </line>
              </lines>
            </method>
            <method name="GetHashCode" signature="()" line-rate="1" branch-rate="1" complexity="1">
              <lines>
                <line number="22" hits="2" branch="False" />
              </lines>
            </method>
            <method name="ToString" signature="()" line-rate="1" branch-rate="1" complexity="1">
              <lines>
                <line number="25" hits="5" branch="False" />
              </lines>
            </method>
            <method name=".ctor" signature="(System.Decimal)" line-rate="1" branch-rate="1" complexity="2">
              <lines>
                <line number="9" hits="56" branch="False" />
                <line number="10" hits="56" branch="False" />
                <line number="11" hits="56" branch="True" condition-coverage="100% (2/2)">
                  <conditions>
                    <condition number="21" type="jump" coverage="100%" />
                  </conditions>
                </line>
                <line number="12" hits="3" branch="False" />
                <line number="15" hits="53" branch="False" />
                <line number="16" hits="53" branch="False" />
              </lines>
            </method>
          </methods>
          <lines>
            <line number="7" hits="22" branch="False" />
            <line number="19" hits="5" branch="True" condition-coverage="100% (2/2)">
              <conditions>
                <condition number="8" type="jump" coverage="100%" />
              </conditions>
            </line>
            <line number="22" hits="2" branch="False" />
            <line number="25" hits="5" branch="False" />
            <line number="9" hits="56" branch="False" />
            <line number="10" hits="56" branch="False" />
            <line number="11" hits="56" branch="True" condition-coverage="100% (2/2)">
              <conditions>
                <condition number="21" type="jump" coverage="100%" />
              </conditions>
            </line>
            <line number="12" hits="3" branch="False" />
            <line number="15" hits="53" branch="False" />
            <line number="16" hits="53" branch="False" />
          </lines>
        </class>
        <class name="TeejoshSystem.Domain.ValueObjects.Unidades" filename="ValueObjects/Unidades.cs" line-rate="1" branch-rate="0.8332999999999999" complexity="9">
          <methods>
            <method name="get_Value" signature="()" line-rate="1" branch-rate="1" complexity="1">
              <lines>
                <line number="7" hits="34" branch="False" />
              </lines>
            </method>
            <method name="Incrementar" signature="(System.Int32)" line-rate="1" branch-rate="1" complexity="1">
              <lines>
                <line number="18" hits="3" branch="False" />
              </lines>
            </method>
            <method name="Decrementar" signature="(System.Int32)" line-rate="1" branch-rate="1" complexity="2">
              <lines>
                <line number="21" hits="8" branch="False" />
                <line number="22" hits="8" branch="True" condition-coverage="100% (2/2)">
                  <conditions>
                    <condition number="12" type="jump" coverage="100%" />
                  </conditions>
                </line>
                <line number="23" hits="4" branch="False" />
                <line number="25" hits="4" branch="False" />
                <line number="26" hits="4" branch="False" />
              </lines>
            </method>
            <method name="Equals" signature="(System.Object)" line-rate="1" branch-rate="0.5" complexity="2">
              <lines>
                <line number="29" hits="2" branch="True" condition-coverage="50% (1/2)">
                  <conditions>
                    <condition number="8" type="jump" coverage="50%" />
                  </conditions>
                </line>
              </lines>
            </method>
            <method name="GetHashCode" signature="()" line-rate="1" branch-rate="1" complexity="1">
              <lines>
                <line number="32" hits="2" branch="False" />
              </lines>
            </method>
            <method name=".ctor" signature="(System.Int32)" line-rate="1" branch-rate="1" complexity="2">
              <lines>
                <line number="9" hits="55" branch="False" />
                <line number="10" hits="55" branch="False" />
                <line number="11" hits="55" branch="True" condition-coverage="100% (2/2)">
                  <conditions>
                    <condition number="14" type="jump" coverage="100%" />
                  </conditions>
                </line>
                <line number="12" hits="2" branch="False" />
                <line number="14" hits="53" branch="False" />
                <line number="15" hits="53" branch="False" />
              </lines>
            </method>
          </methods>
          <lines>
            <line number="7" hits="34" branch="False" />
            <line number="18" hits="3" branch="False" />
            <line number="21" hits="8" branch="False" />
            <line number="22" hits="8" branch="True" condition-coverage="100% (2/2)">
              <conditions>
                <condition number="12" type="jump" coverage="100%" />
              </conditions>
            </line>
            <line number="23" hits="4" branch="False" />
            <line number="25" hits="4" branch="False" />
            <line number="26" hits="4" branch="False" />
            <line number="29" hits="2" branch="True" condition-coverage="50% (1/2)">
              <conditions>
                <condition number="8" type="jump" coverage="50%" />
              </conditions>
            </line>
            <line number="32" hits="2" branch="False" />
            <line number="9" hits="55" branch="False" />
            <line number="10" hits="55" branch="False" />
            <line number="11" hits="55" branch="True" condition-coverage="100% (2/2)">
              <conditions>
                <condition number="14" type="jump" coverage="100%" />
              </conditions>
            </line>
            <line number="12" hits="2" branch="False" />
            <line number="14" hits="53" branch="False" />
            <line number="15" hits="53" branch="False" />
          </lines>
        </class>
        <class name="TeejoshSystem.Domain.Ports.Outbound.ExpansionApiResult" filename="Ports/Outbound/ITcgCatalogoApiService.cs" line-rate="0" branch-rate="1" complexity="3">
          <methods>
            <method name="get_Nombre" signature="()" line-rate="0" branch-rate="1" complexity="1">
              <lines>
                <line number="10" hits="0" branch="False" />
              </lines>
            </method>
            <method name="get_ImageUrl" signature="()" line-rate="0" branch-rate="1" complexity="1">
              <lines>
                <line number="11" hits="0" branch="False" />
              </lines>
            </method>
            <method name=".ctor" signature="(System.String,System.String)" line-rate="0" branch-rate="1" complexity="1">
              <lines>
                <line number="9" hits="0" branch="False" />
                <line number="12" hits="0" branch="False" />
              </lines>
            </method>
          </methods>
          <lines>
            <line number="10" hits="0" branch="False" />
            <line number="11" hits="0" branch="False" />
            <line number="9" hits="0" branch="False" />
            <line number="12" hits="0" branch="False" />
          </lines>
        </class>
        <class name="TeejoshSystem.Domain.Ports.Outbound.Repositories.ProductoBusquedaResult" filename="Ports/Outbound/Repositories/ProductoBusquedaResult.cs" line-rate="0" branch-rate="1" complexity="8">
          <methods>
            <method name="get_Id" signature="()" line-rate="0" branch-rate="1" complexity="1">
              <lines>
                <line number="6" hits="0" branch="False" />
              </lines>
            </method>
            <method name="get_Tipo" signature="()" line-rate="0" branch-rate="1" complexity="1">
              <lines>
                <line number="7" hits="0" branch="False" />
              </lines>
            </method>
            <method name="get_Nombre" signature="()" line-rate="0" branch-rate="1" complexity="1">
              <lines>
                <line number="8" hits="0" branch="False" />
              </lines>
            </method>
            <method name="get_Precio" signature="()" line-rate="0" branch-rate="1" complexity="1">
              <lines>
                <line number="9" hits="0" branch="False" />
              </lines>
            </method>
            <method name="get_Unidades" signature="()" line-rate="0" branch-rate="1" complexity="1">
              <lines>
                <line number="10" hits="0" branch="False" />
              </lines>
            </method>
            <method name="get_DetalleResumen" signature="()" line-rate="0" branch-rate="1" complexity="1">
              <lines>
                <line number="11" hits="0" branch="False" />
              </lines>
            </method>
            <method name="get_ImagePath" signature="()" line-rate="0" branch-rate="1" complexity="1">
              <lines>
                <line number="12" hits="0" branch="False" />
              </lines>
            </method>
            <method name=".ctor" signature="(System.Int32,TeejoshSystem.Domain.Enums.TipoProducto,System.String,System.Decimal,System.Int32,System.String,System.String)" line-rate="0" branch-rate="1" complexity="1">
              <lines>
                <line number="5" hits="0" branch="False" />
                <line number="13" hits="0" branch="False" />
              </lines>
            </method>
          </methods>
          <lines>
            <line number="6" hits="0" branch="False" />
            <line number="7" hits="0" branch="False" />
            <line number="8" hits="0" branch="False" />
            <line number="9" hits="0" branch="False" />
            <line number="10" hits="0" branch="False" />
            <line number="11" hits="0" branch="False" />
            <line number="12" hits="0" branch="False" />
            <line number="5" hits="0" branch="False" />
            <line number="13" hits="0" branch="False" />
          </lines>
        </class>
        <class name="TeejoshSystem.Domain.Ports.Outbound.Auth.AutenticacionResultado" filename="Ports/Outbound/Auth/IAuthService.cs" line-rate="1" branch-rate="1" complexity="8">
          <methods>
            <method name="get_Exitoso" signature="()" line-rate="1" branch-rate="1" complexity="1">
              <lines>
                <line number="26" hits="6" branch="False" />
              </lines>
            </method>
            <method name="get_UsuarioId" signature="()" line-rate="1" branch-rate="1" complexity="1">
              <lines>
                <line number="27" hits="2" branch="False" />
              </lines>
            </method>
            <method name="get_NombreUsuario" signature="()" line-rate="1" branch-rate="1" complexity="1">
              <lines>
                <line number="28" hits="2" branch="False" />
              </lines>
            </method>
            <method name="get_Rol" signature="()" line-rate="1" branch-rate="1" complexity="1">
              <lines>
                <line number="29" hits="2" branch="False" />
              </lines>
            </method>
            <method name="get_MensajeError" signature="()" line-rate="1" branch-rate="1" complexity="1">
              <lines>
                <line number="30" hits="10" branch="False" />
              </lines>
            </method>
            <method name="Valido" signature="(System.Int32,System.String,TeejoshSystem.Domain.Enums.RolUsuario)" line-rate="1" branch-rate="1" complexity="1">
              <lines>
                <line number="33" hits="4" branch="False" />
              </lines>
            </method>
            <method name="Invalido" signature="(System.String)" line-rate="1" branch-rate="1" complexity="1">
              <lines>
                <line number="36" hits="4" branch="False" />
              </lines>
            </method>
            <method name=".ctor" signature="(System.Boolean,System.Nullable`1&lt;System.Int32&gt;,System.String,System.Nullable`1&lt;TeejoshSystem.Domain.Enums.RolUsuario&gt;,System.String)" line-rate="1" branch-rate="1" complexity="1">
              <lines>
                <line number="25" hits="8" branch="False" />
              </lines>
            </method>
          </methods>
          <lines>
            <line number="26" hits="6" branch="False" />
            <line number="27" hits="2" branch="False" />
            <line number="28" hits="2" branch="False" />
            <line number="29" hits="2" branch="False" />
            <line number="30" hits="10" branch="False" />
            <line number="33" hits="4" branch="False" />
            <line number="36" hits="4" branch="False" />
            <line number="25" hits="8" branch="False" />
          </lines>
        </class>
        <class name="TeejoshSystem.Domain.Entities.Producto" filename="Entities/Producto.cs" line-rate="0.9423" branch-rate="0.9582999999999999" complexity="36">
          <methods>
            <method name="get_Id" signature="()" line-rate="0" branch-rate="1" complexity="1">
              <lines>
                <line number="9" hits="0" branch="False" />
              </lines>
            </method>
            <method name="get_Tipo" signature="()" line-rate="1" branch-rate="1" complexity="1">
              <lines>
                <line number="10" hits="54" branch="False" />
              </lines>
            </method>
            <method name="get_Nombre" signature="()" line-rate="1" branch-rate="1" complexity="1">
              <lines>
                <line number="11" hits="65" branch="False" />
              </lines>
            </method>
            <method name="get_Precio" signature="()" line-rate="1" branch-rate="1" complexity="1">
              <lines>
                <line number="12" hits="65" branch="False" />
              </lines>
            </method>
            <method name="get_Stock" signature="()" line-rate="1" branch-rate="1" complexity="1">
              <lines>
                <line number="13" hits="72" branch="False" />
              </lines>
            </method>
            <method name="get_Descripcion" signature="()" line-rate="1" branch-rate="1" complexity="1">
              <lines>
                <line number="14" hits="4" branch="False" />
              </lines>
            </method>
            <method name="get_ImagePath" signature="()" line-rate="1" branch-rate="1" complexity="1">
              <lines>
                <line number="15" hits="5" branch="False" />
              </lines>
            </method>
            <method name="ActualizarDatos" signature="(TeejoshSystem.Domain.ValueObjects.NombreProducto,TeejoshSystem.Domain.ValueObjects.Precio,TeejoshSystem.Domain.ValueObjects.Unidades)" line-rate="1" branch-rate="1" complexity="6">
              <lines>
                <line number="35" hits="4" branch="False" />
                <line number="36" hits="4" branch="True" condition-coverage="100% (2/2)">
                  <conditions>
                    <condition number="4" type="jump" coverage="100%" />
                  </conditions>
                </line>
                <line number="37" hits="3" branch="True" condition-coverage="100% (2/2)">
                  <conditions>
                    <condition number="27" type="jump" coverage="100%" />
                  </conditions>
                </line>
                <line number="38" hits="2" branch="True" condition-coverage="100% (2/2)">
                  <conditions>
                    <condition number="50" type="jump" coverage="100%" />
                  </conditions>
                </line>
                <line number="39" hits="1" branch="False" />
              </lines>
            </method>
            <method name="AsignarImagePath" signature="(System.String)" line-rate="1" branch-rate="1" complexity="1">
              <lines>
                <line number="43" hits="3" branch="False" />
                <line number="44" hits="3" branch="False" />
                <line number="45" hits="3" branch="False" />
              </lines>
            </method>
            <method name="CambiarPrecio" signature="(TeejoshSystem.Domain.ValueObjects.Precio)" line-rate="1" branch-rate="1" complexity="1">
              <lines>
                <line number="48" hits="1" branch="False" />
                <line number="49" hits="1" branch="False" />
                <line number="50" hits="1" branch="False" />
              </lines>
            </method>
            <method name="AgregarStock" signature="(System.Int32)" line-rate="1" branch-rate="1" complexity="1">
              <lines>
                <line number="53" hits="1" branch="False" />
                <line number="54" hits="1" branch="False" />
                <line number="55" hits="1" branch="False" />
              </lines>
            </method>
            <method name="ReducirStock" signature="(System.Int32)" line-rate="1" branch-rate="1" complexity="1">
              <lines>
                <line number="58" hits="4" branch="False" />
                <line number="59" hits="4" branch="False" />
                <line number="60" hits="2" branch="False" />
              </lines>
            </method>
            <method name="AsignarDescripcion" signature="(TeejoshSystem.Domain.Entities.Detalles.ProductoDetalle)" line-rate="0.9375" branch-rate="0.9166" complexity="12">
              <lines>
                <line number="63" hits="11" branch="False" />
                <line number="64" hits="11" branch="False" />
                <line number="66" hits="10" branch="True" condition-coverage="90% (9/10)">
                  <conditions>
                    <condition number="23" type="jump" coverage="100%" />
                    <condition number="31" type="jump" coverage="100%" />
                    <condition number="39" type="jump" coverage="100%" />
                    <condition number="47" type="jump" coverage="100%" />
                    <condition number="55" type="jump" coverage="50%" />
                  </conditions>
                </line>
                <line number="67" hits="10" branch="False" />
                <line number="68" hits="3" branch="False" />
                <line number="69" hits="4" branch="False" />
                <line number="70" hits="1" branch="False" />
                <line number="71" hits="1" branch="False" />
                <line number="72" hits="1" branch="False" />
                <line number="73" hits="0" branch="False" />
                <line number="74" hits="10" branch="False" />
                <line number="76" hits="10" branch="True" condition-coverage="100% (2/2)">
                  <conditions>
                    <condition number="110" type="jump" coverage="100%" />
                  </conditions>
                </line>
                <line number="77" hits="8" branch="False" />
                <line number="78" hits="8" branch="False" />
                <line number="80" hits="2" branch="False" />
                <line number="81" hits="2" branch="False" />
              </lines>
            </method>
            <method name=".ctor" signature="()" line-rate="0" branch-rate="1" complexity="1">
              <lines>
                <line number="17" hits="0" branch="False" />
              </lines>
            </method>
            <method name=".ctor" signature="(TeejoshSystem.Domain.Enums.TipoProducto,TeejoshSystem.Domain.ValueObjects.NombreProducto,TeejoshSystem.Domain.ValueObjects.Precio,TeejoshSystem.Domain.ValueObjects.Unidades)" line-rate="1" branch-rate="1" complexity="6">
              <lines>
                <line number="19" hits="31" branch="False" />
                <line number="20" hits="31" branch="False" />
                <line number="21" hits="31" branch="False" />
                <line number="22" hits="31" branch="False" />
                <line number="23" hits="31" branch="False" />
                <line number="24" hits="31" branch="False" />
                <line number="25" hits="31" branch="False" />
                <line number="26" hits="31" branch="True" condition-coverage="100% (2/2)">
                  <conditions>
                    <condition number="40" type="jump" coverage="100%" />
                  </conditions>
                </line>
                <line number="27" hits="30" branch="True" condition-coverage="100% (2/2)">
                  <conditions>
                    <condition number="63" type="jump" coverage="100%" />
                  </conditions>
                </line>
                <line number="28" hits="29" branch="True" condition-coverage="100% (2/2)">
                  <conditions>
                    <condition number="87" type="jump" coverage="100%" />
                  </conditions>
                </line>
                <line number="29" hits="28" branch="False" />
              </lines>
            </method>
          </methods>
          <lines>
            <line number="9" hits="0" branch="False" />
            <line number="10" hits="54" branch="False" />
            <line number="11" hits="65" branch="False" />
            <line number="12" hits="65" branch="False" />
            <line number="13" hits="72" branch="False" />
            <line number="14" hits="4" branch="False" />
            <line number="15" hits="5" branch="False" />
            <line number="35" hits="4" branch="False" />
            <line number="36" hits="4" branch="True" condition-coverage="100% (2/2)">
              <conditions>
                <condition number="4" type="jump" coverage="100%" />
              </conditions>
            </line>
            <line number="37" hits="3" branch="True" condition-coverage="100% (2/2)">
              <conditions>
                <condition number="27" type="jump" coverage="100%" />
              </conditions>
            </line>
            <line number="38" hits="2" branch="True" condition-coverage="100% (2/2)">
              <conditions>
                <condition number="50" type="jump" coverage="100%" />
              </conditions>
            </line>
            <line number="39" hits="1" branch="False" />
            <line number="43" hits="3" branch="False" />
            <line number="44" hits="3" branch="False" />
            <line number="45" hits="3" branch="False" />
            <line number="48" hits="1" branch="False" />
            <line number="49" hits="1" branch="False" />
            <line number="50" hits="1" branch="False" />
            <line number="53" hits="1" branch="False" />
            <line number="54" hits="1" branch="False" />
            <line number="55" hits="1" branch="False" />
            <line number="58" hits="4" branch="False" />
            <line number="59" hits="4" branch="False" />
            <line number="60" hits="2" branch="False" />
            <line number="63" hits="11" branch="False" />
            <line number="64" hits="11" branch="False" />
            <line number="66" hits="10" branch="True" condition-coverage="90% (9/10)">
              <conditions>
                <condition number="23" type="jump" coverage="100%" />
                <condition number="31" type="jump" coverage="100%" />
                <condition number="39" type="jump" coverage="100%" />
                <condition number="47" type="jump" coverage="100%" />
                <condition number="55" type="jump" coverage="50%" />
              </conditions>
            </line>
            <line number="67" hits="10" branch="False" />
            <line number="68" hits="3" branch="False" />
            <line number="69" hits="4" branch="False" />
            <line number="70" hits="1" branch="False" />
            <line number="71" hits="1" branch="False" />
            <line number="72" hits="1" branch="False" />
            <line number="73" hits="0" branch="False" />
            <line number="74" hits="10" branch="False" />
            <line number="76" hits="10" branch="True" condition-coverage="100% (2/2)">
              <conditions>
                <condition number="110" type="jump" coverage="100%" />
              </conditions>
            </line>
            <line number="77" hits="8" branch="False" />
            <line number="78" hits="8" branch="False" />
            <line number="80" hits="2" branch="False" />
            <line number="81" hits="2" branch="False" />
            <line number="17" hits="0" branch="False" />
            <line number="19" hits="31" branch="False" />
            <line number="20" hits="31" branch="False" />
            <line number="21" hits="31" branch="False" />
            <line number="22" hits="31" branch="False" />
            <line number="23" hits="31" branch="False" />
            <line number="24" hits="31" branch="False" />
            <line number="25" hits="31" branch="False" />
            <line number="26" hits="31" branch="True" condition-coverage="100% (2/2)">
              <conditions>
                <condition number="40" type="jump" coverage="100%" />
              </conditions>
            </line>
            <line number="27" hits="30" branch="True" condition-coverage="100% (2/2)">
              <conditions>
                <condition number="63" type="jump" coverage="100%" />
              </conditions>
            </line>
            <line number="28" hits="29" branch="True" condition-coverage="100% (2/2)">
              <conditions>
                <condition number="87" type="jump" coverage="100%" />
              </conditions>
            </line>
            <line number="29" hits="28" branch="False" />
          </lines>
        </class>
        <class name="TeejoshSystem.Domain.Entities.Usuario" filename="Entities/Usuario.cs" line-rate="0" branch-rate="1" complexity="6">
          <methods>
            <method name="get_Id" signature="()" line-rate="0" branch-rate="1" complexity="1">
              <lines>
                <line number="9" hits="0" branch="False" />
              </lines>
            </method>
            <method name="get_Rol" signature="()" line-rate="0" branch-rate="1" complexity="1">
              <lines>
                <line number="10" hits="0" branch="False" />
              </lines>
            </method>
            <method name="get_NombreUsuario" signature="()" line-rate="0" branch-rate="1" complexity="1">
              <lines>
                <line number="11" hits="0" branch="False" />
              </lines>
            </method>
            <method name="get_PasswordHash" signature="()" line-rate="0" branch-rate="1" complexity="1">
              <lines>
                <line number="12" hits="0" branch="False" />
              </lines>
            </method>
            <method name="get_Activo" signature="()" line-rate="0" branch-rate="1" complexity="1">
              <lines>
                <line number="13" hits="0" branch="False" />
              </lines>
            </method>
            <method name=".ctor" signature="()" line-rate="0" branch-rate="1" complexity="1">
              <lines>
                <line number="15" hits="0" branch="False" />
              </lines>
            </method>
          </methods>
          <lines>
            <line number="9" hits="0" branch="False" />
            <line number="10" hits="0" branch="False" />
            <line number="11" hits="0" branch="False" />
            <line number="12" hits="0" branch="False" />
            <line number="13" hits="0" branch="False" />
            <line number="15" hits="0" branch="False" />
          </lines>
        </class>
        <class name="TeejoshSystem.Domain.Entities.Venta" filename="Entities/Venta.cs" line-rate="0.875" branch-rate="1" complexity="7">
          <methods>
            <method name="get_Id" signature="()" line-rate="0" branch-rate="1" complexity="1">
              <lines>
                <line number="8" hits="0" branch="False" />
              </lines>
            </method>
            <method name="get_Fecha" signature="()" line-rate="1" branch-rate="1" complexity="1">
              <lines>
                <line number="9" hits="12" branch="False" />
              </lines>
            </method>
            <method name="get_Total" signature="()" line-rate="1" branch-rate="1" complexity="1">
              <lines>
                <line number="10" hits="41" branch="False" />
              </lines>
            </method>
            <method name="get_Detalles" signature="()" line-rate="1" branch-rate="1" complexity="1">
              <lines>
                <line number="16" hits="6" branch="False" />
              </lines>
            </method>
            <method name="AgregarDetalle" signature="(TeejoshSystem.Domain.Entities.Detalles.VentaDetalle)" line-rate="1" branch-rate="1" complexity="1">
              <lines>
                <line number="27" hits="13" branch="False" />
                <line number="28" hits="13" branch="False" />
                <line number="29" hits="12" branch="False" />
                <line number="30" hits="12" branch="False" />
                <line number="31" hits="12" branch="False" />
              </lines>
            </method>
            <method name=".ctor" signature="()" line-rate="0.5" branch-rate="1" complexity="1">
              <lines>
                <line number="15" hits="11" branch="False" />
                <line number="18" hits="0" branch="False" />
              </lines>
            </method>
            <method name=".ctor" signature="(System.DateTime)" line-rate="1" branch-rate="1" complexity="1">
              <lines>
                <line number="20" hits="11" branch="False" />
                <line number="21" hits="11" branch="False" />
                <line number="22" hits="11" branch="False" />
                <line number="23" hits="11" branch="False" />
                <line number="24" hits="11" branch="False" />
              </lines>
            </method>
          </methods>
          <lines>
            <line number="8" hits="0" branch="False" />
            <line number="9" hits="12" branch="False" />
            <line number="10" hits="41" branch="False" />
            <line number="16" hits="6" branch="False" />
            <line number="27" hits="13" branch="False" />
            <line number="28" hits="13" branch="False" />
            <line number="29" hits="12" branch="False" />
            <line number="30" hits="12" branch="False" />
            <line number="31" hits="12" branch="False" />
            <line number="15" hits="11" branch="False" />
            <line number="18" hits="0" branch="False" />
            <line number="20" hits="11" branch="False" />
            <line number="21" hits="11" branch="False" />
            <line number="22" hits="11" branch="False" />
            <line number="23" hits="11" branch="False" />
            <line number="24" hits="11" branch="False" />
          </lines>
        </class>
        <class name="TeejoshSystem.Domain.Entities.Detalles.FunkoDetalle" filename="Entities/Detalles/FunkoDetalle.cs" line-rate="0.9666" branch-rate="1" complexity="13">
          <methods>
            <method name="get_NumeroCaja" signature="()" line-rate="1" branch-rate="1" complexity="1">
              <lines>
                <line number="7" hits="19" branch="False" />
              </lines>
            </method>
            <method name="get_Licencia" signature="()" line-rate="1" branch-rate="1" complexity="1">
              <lines>
                <line number="8" hits="39" branch="False" />
              </lines>
            </method>
            <method name="get_SubtipoId" signature="()" line-rate="1" branch-rate="1" complexity="1">
              <lines>
                <line number="9" hits="19" branch="False" />
              </lines>
            </method>
            <method name="get_CaracteristicaEspecialId" signature="()" line-rate="1" branch-rate="1" complexity="1">
              <lines>
                <line number="10" hits="20" branch="False" />
              </lines>
            </method>
            <method name="Actualizar" signature="(System.Int32,System.String,System.Int32,System.Nullable`1&lt;System.Int32&gt;)" line-rate="1" branch-rate="1" complexity="4">
              <lines>
                <line number="37" hits="6" branch="False" />
                <line number="38" hits="6" branch="True" condition-coverage="100% (2/2)">
                  <conditions>
                    <condition number="10" type="jump" coverage="100%" />
                  </conditions>
                </line>
                <line number="39" hits="2" branch="False" />
                <line number="41" hits="4" branch="True" condition-coverage="100% (2/2)">
                  <conditions>
                    <condition number="31" type="jump" coverage="100%" />
                  </conditions>
                </line>
                <line number="42" hits="3" branch="False" />
                <line number="44" hits="1" branch="False" />
                <line number="45" hits="1" branch="False" />
                <line number="46" hits="1" branch="False" />
                <line number="47" hits="1" branch="False" />
                <line number="48" hits="1" branch="False" />
              </lines>
            </method>
            <method name=".ctor" signature="()" line-rate="0" branch-rate="1" complexity="1">
              <lines>
                <line number="12" hits="0" branch="False" />
              </lines>
            </method>
            <method name=".ctor" signature="(System.Int32,System.String,System.Int32,System.Nullable`1&lt;System.Int32&gt;)" line-rate="1" branch-rate="1" complexity="4">
              <lines>
                <line number="14" hits="20" branch="False" />
                <line number="15" hits="20" branch="False" />
                <line number="16" hits="20" branch="False" />
                <line number="17" hits="20" branch="False" />
                <line number="18" hits="20" branch="False" />
                <line number="19" hits="20" branch="False" />
                <line number="20" hits="20" branch="True" condition-coverage="100% (2/2)">
                  <conditions>
                    <condition number="24" type="jump" coverage="100%" />
                  </conditions>
                </line>
                <line number="21" hits="3" branch="False" />
                <line number="23" hits="17" branch="True" condition-coverage="100% (2/2)">
                  <conditions>
                    <condition number="45" type="jump" coverage="100%" />
                  </conditions>
                </line>
                <line number="24" hits="3" branch="False" />
                <line number="26" hits="14" branch="False" />
                <line number="27" hits="14" branch="False" />
                <line number="28" hits="14" branch="False" />
                <line number="29" hits="14" branch="False" />
                <line number="30" hits="14" branch="False" />
              </lines>
            </method>
          </methods>
          <lines>
            <line number="7" hits="19" branch="False" />
            <line number="8" hits="39" branch="False" />
            <line number="9" hits="19" branch="False" />
            <line number="10" hits="20" branch="False" />
            <line number="37" hits="6" branch="False" />
            <line number="38" hits="6" branch="True" condition-coverage="100% (2/2)">
              <conditions>
                <condition number="10" type="jump" coverage="100%" />
              </conditions>
            </line>
            <line number="39" hits="2" branch="False" />
            <line number="41" hits="4" branch="True" condition-coverage="100% (2/2)">
              <conditions>
                <condition number="31" type="jump" coverage="100%" />
              </conditions>
            </line>
            <line number="42" hits="3" branch="False" />
            <line number="44" hits="1" branch="False" />
            <line number="45" hits="1" branch="False" />
            <line number="46" hits="1" branch="False" />
            <line number="47" hits="1" branch="False" />
            <line number="48" hits="1" branch="False" />
            <line number="12" hits="0" branch="False" />
            <line number="14" hits="20" branch="False" />
            <line number="15" hits="20" branch="False" />
            <line number="16" hits="20" branch="False" />
            <line number="17" hits="20" branch="False" />
            <line number="18" hits="20" branch="False" />
            <line number="19" hits="20" branch="False" />
            <line number="20" hits="20" branch="True" condition-coverage="100% (2/2)">
              <conditions>
                <condition number="24" type="jump" coverage="100%" />
              </conditions>
            </line>
            <line number="21" hits="3" branch="False" />
            <line number="23" hits="17" branch="True" condition-coverage="100% (2/2)">
              <conditions>
                <condition number="45" type="jump" coverage="100%" />
              </conditions>
            </line>
            <line number="24" hits="3" branch="False" />
            <line number="26" hits="14" branch="False" />
            <line number="27" hits="14" branch="False" />
            <line number="28" hits="14" branch="False" />
            <line number="29" hits="14" branch="False" />
            <line number="30" hits="14" branch="False" />
          </lines>
        </class>
        <class name="TeejoshSystem.Domain.Entities.Detalles.HotWheelsDetalle" filename="Entities/Detalles/HotWheelsDetalle.cs" line-rate="0.9704999999999999" branch-rate="1" complexity="21">
          <methods>
            <method name="get_Modelo" signature="()" line-rate="1" branch-rate="1" complexity="1">
              <lines>
                <line number="7" hits="51" branch="False" />
              </lines>
            </method>
            <method name="get_Anio" signature="()" line-rate="1" branch-rate="1" complexity="1">
              <lines>
                <line number="8" hits="25" branch="False" />
              </lines>
            </method>
            <method name="get_Serie" signature="()" line-rate="1" branch-rate="1" complexity="1">
              <lines>
                <line number="9" hits="51" branch="False" />
              </lines>
            </method>
            <method name="get_CategoriaId" signature="()" line-rate="1" branch-rate="1" complexity="1">
              <lines>
                <line number="10" hits="25" branch="False" />
              </lines>
            </method>
            <method name="Actualizar" signature="(System.String,System.Int32,System.String,System.Int32)" line-rate="1" branch-rate="1" complexity="8">
              <lines>
                <line number="40" hits="12" branch="False" />
                <line number="41" hits="12" branch="True" condition-coverage="100% (2/2)">
                  <conditions>
                    <condition number="9" type="jump" coverage="100%" />
                  </conditions>
                </line>
                <line number="42" hits="3" branch="False" />
                <line number="44" hits="9" branch="True" condition-coverage="100% (4/4)">
                  <conditions>
                    <condition number="28" type="jump" coverage="100%" />
                    <condition number="53" type="jump" coverage="100%" />
                  </conditions>
                </line>
                <line number="45" hits="3" branch="False" />
                <line number="47" hits="6" branch="True" condition-coverage="100% (2/2)">
                  <conditions>
                    <condition number="74" type="jump" coverage="100%" />
                  </conditions>
                </line>
                <line number="48" hits="3" branch="False" />
                <line number="50" hits="3" branch="False" />
                <line number="51" hits="3" branch="False" />
                <line number="52" hits="3" branch="False" />
                <line number="53" hits="3" branch="False" />
                <line number="54" hits="3" branch="False" />
              </lines>
            </method>
            <method name=".ctor" signature="()" line-rate="0" branch-rate="1" complexity="1">
              <lines>
                <line number="12" hits="0" branch="False" />
              </lines>
            </method>
            <method name=".ctor" signature="(System.String,System.Int32,System.String,System.Int32)" line-rate="1" branch-rate="1" complexity="8">
              <lines>
                <line number="14" hits="26" branch="False" />
                <line number="15" hits="26" branch="False" />
                <line number="16" hits="26" branch="False" />
                <line number="17" hits="26" branch="False" />
                <line number="18" hits="26" branch="False" />
                <line number="19" hits="26" branch="False" />
                <line number="20" hits="26" branch="True" condition-coverage="100% (2/2)">
                  <conditions>
                    <condition number="30" type="jump" coverage="100%" />
                  </conditions>
                </line>
                <line number="21" hits="3" branch="False" />
                <line number="23" hits="23" branch="True" condition-coverage="100% (4/4)">
                  <conditions>
                    <condition number="49" type="jump" coverage="100%" />
                    <condition number="74" type="jump" coverage="100%" />
                  </conditions>
                </line>
                <line number="24" hits="2" branch="False" />
                <line number="26" hits="21" branch="True" condition-coverage="100% (2/2)">
                  <conditions>
                    <condition number="95" type="jump" coverage="100%" />
                  </conditions>
                </line>
                <line number="27" hits="3" branch="False" />
                <line number="29" hits="18" branch="False" />
                <line number="30" hits="18" branch="False" />
                <line number="31" hits="18" branch="False" />
                <line number="32" hits="18" branch="False" />
                <line number="33" hits="18" branch="False" />
              </lines>
            </method>
          </methods>
          <lines>
            <line number="7" hits="51" branch="False" />
            <line number="8" hits="25" branch="False" />
            <line number="9" hits="51" branch="False" />
            <line number="10" hits="25" branch="False" />
            <line number="40" hits="12" branch="False" />
            <line number="41" hits="12" branch="True" condition-coverage="100% (2/2)">
              <conditions>
                <condition number="9" type="jump" coverage="100%" />
              </conditions>
            </line>
            <line number="42" hits="3" branch="False" />
            <line number="44" hits="9" branch="True" condition-coverage="100% (4/4)">
              <conditions>
                <condition number="28" type="jump" coverage="100%" />
                <condition number="53" type="jump" coverage="100%" />
              </conditions>
            </line>
            <line number="45" hits="3" branch="False" />
            <line number="47" hits="6" branch="True" condition-coverage="100% (2/2)">
              <conditions>
                <condition number="74" type="jump" coverage="100%" />
              </conditions>
            </line>
            <line number="48" hits="3" branch="False" />
            <line number="50" hits="3" branch="False" />
            <line number="51" hits="3" branch="False" />
            <line number="52" hits="3" branch="False" />
            <line number="53" hits="3" branch="False" />
            <line number="54" hits="3" branch="False" />
            <line number="12" hits="0" branch="False" />
            <line number="14" hits="26" branch="False" />
            <line number="15" hits="26" branch="False" />
            <line number="16" hits="26" branch="False" />
            <line number="17" hits="26" branch="False" />
            <line number="18" hits="26" branch="False" />
            <line number="19" hits="26" branch="False" />
            <line number="20" hits="26" branch="True" condition-coverage="100% (2/2)">
              <conditions>
                <condition number="30" type="jump" coverage="100%" />
              </conditions>
            </line>
            <line number="21" hits="3" branch="False" />
            <line number="23" hits="23" branch="True" condition-coverage="100% (4/4)">
              <conditions>
                <condition number="49" type="jump" coverage="100%" />
                <condition number="74" type="jump" coverage="100%" />
              </conditions>
            </line>
            <line number="24" hits="2" branch="False" />
            <line number="26" hits="21" branch="True" condition-coverage="100% (2/2)">
              <conditions>
                <condition number="95" type="jump" coverage="100%" />
              </conditions>
            </line>
            <line number="27" hits="3" branch="False" />
            <line number="29" hits="18" branch="False" />
            <line number="30" hits="18" branch="False" />
            <line number="31" hits="18" branch="False" />
            <line number="32" hits="18" branch="False" />
            <line number="33" hits="18" branch="False" />
          </lines>
        </class>
        <class name="TeejoshSystem.Domain.Entities.Detalles.ProductoDetalle" filename="Entities/Detalles/ProductoDetalle.cs" line-rate="1" branch-rate="1" complexity="4">
          <methods>
            <method name="get_ProductoId" signature="()" line-rate="1" branch-rate="1" complexity="1">
              <lines>
                <line number="7" hits="15" branch="False" />
              </lines>
            </method>
            <method name="AsignarProductoId" signature="(System.Int32)" line-rate="1" branch-rate="1" complexity="2">
              <lines>
                <line number="13" hits="7" branch="False" />
                <line number="14" hits="7" branch="True" condition-coverage="100% (2/2)">
                  <conditions>
                    <condition number="10" type="jump" coverage="100%" />
                  </conditions>
                </line>
                <line number="15" hits="3" branch="False" />
                <line number="17" hits="4" branch="False" />
                <line number="18" hits="4" branch="False" />
              </lines>
            </method>
            <method name=".ctor" signature="()" line-rate="1" branch-rate="1" complexity="1">
              <lines>
                <line number="9" hits="264" branch="False" />
              </lines>
            </method>
          </methods>
          <lines>
            <line number="7" hits="15" branch="False" />
            <line number="13" hits="7" branch="False" />
            <line number="14" hits="7" branch="True" condition-coverage="100% (2/2)">
              <conditions>
                <condition number="10" type="jump" coverage="100%" />
              </conditions>
            </line>
            <line number="15" hits="3" branch="False" />
            <line number="17" hits="4" branch="False" />
            <line number="18" hits="4" branch="False" />
            <line number="9" hits="264" branch="False" />
          </lines>
        </class>
        <class name="TeejoshSystem.Domain.Entities.Detalles.TcgDetalle" filename="Entities/Detalles/TcgDetalle.cs" line-rate="0.9285" branch-rate="1" complexity="5">
          <methods>
            <method name="get_PackId" signature="()" line-rate="1" branch-rate="1" complexity="1">
              <lines>
                <line number="7" hits="18" branch="False" />
              </lines>
            </method>
            <method name="get_ExpansionId" signature="()" line-rate="1" branch-rate="1" complexity="1">
              <lines>
                <line number="8" hits="18" branch="False" />
              </lines>
            </method>
            <method name="Actualizar" signature="(System.Int32,System.Int32)" line-rate="1" branch-rate="1" complexity="1">
              <lines>
                <line number="23" hits="2" branch="False" />
                <line number="24" hits="2" branch="False" />
                <line number="25" hits="2" branch="False" />
                <line number="26" hits="2" branch="False" />
              </lines>
            </method>
            <method name=".ctor" signature="()" line-rate="0" branch-rate="1" complexity="1">
              <lines>
                <line number="10" hits="0" branch="False" />
              </lines>
            </method>
            <method name=".ctor" signature="(System.Int32,System.Int32)" line-rate="1" branch-rate="1" complexity="1">
              <lines>
                <line number="12" hits="12" branch="False" />
                <line number="13" hits="12" branch="False" />
                <line number="14" hits="12" branch="False" />
                <line number="15" hits="12" branch="False" />
                <line number="16" hits="12" branch="False" />
                <line number="17" hits="12" branch="False" />
                <line number="18" hits="12" branch="False" />
              </lines>
            </method>
          </methods>
          <lines>
            <line number="7" hits="18" branch="False" />
            <line number="8" hits="18" branch="False" />
            <line number="23" hits="2" branch="False" />
            <line number="24" hits="2" branch="False" />
            <line number="25" hits="2" branch="False" />
            <line number="26" hits="2" branch="False" />
            <line number="10" hits="0" branch="False" />
            <line number="12" hits="12" branch="False" />
            <line number="13" hits="12" branch="False" />
            <line number="14" hits="12" branch="False" />
            <line number="15" hits="12" branch="False" />
            <line number="16" hits="12" branch="False" />
            <line number="17" hits="12" branch="False" />
            <line number="18" hits="12" branch="False" />
          </lines>
        </class>
        <class name="TeejoshSystem.Domain.Entities.Detalles.ToyDetalle" filename="Entities/Detalles/ToyDetalle.cs" line-rate="0.9615" branch-rate="1" complexity="9">
          <methods>
            <method name="get_EdadMinima" signature="()" line-rate="1" branch-rate="1" complexity="1">
              <lines>
                <line number="7" hits="17" branch="False" />
              </lines>
            </method>
            <method name="get_JugadoresMin" signature="()" line-rate="1" branch-rate="1" complexity="1">
              <lines>
                <line number="8" hits="16" branch="False" />
              </lines>
            </method>
            <method name="get_JugadoresMax" signature="()" line-rate="1" branch-rate="1" complexity="1">
              <lines>
                <line number="9" hits="16" branch="False" />
              </lines>
            </method>
            <method name="get_EsJuegoDeMesa" signature="()" line-rate="1" branch-rate="1" complexity="1">
              <lines>
                <line number="10" hits="17" branch="False" />
              </lines>
            </method>
            <method name="Actualizar" signature="(System.Int32,System.Int32,System.Int32,System.Boolean)" line-rate="1" branch-rate="1" complexity="2">
              <lines>
                <line number="34" hits="5" branch="False" />
                <line number="35" hits="5" branch="True" condition-coverage="100% (2/2)">
                  <conditions>
                    <condition number="7" type="jump" coverage="100%" />
                  </conditions>
                </line>
                <line number="36" hits="2" branch="False" />
                <line number="38" hits="3" branch="False" />
                <line number="39" hits="3" branch="False" />
                <line number="40" hits="3" branch="False" />
                <line number="41" hits="3" branch="False" />
                <line number="42" hits="3" branch="False" />
              </lines>
            </method>
            <method name=".ctor" signature="()" line-rate="0" branch-rate="1" complexity="1">
              <lines>
                <line number="12" hits="0" branch="False" />
              </lines>
            </method>
            <method name=".ctor" signature="(System.Int32,System.Int32,System.Int32,System.Boolean)" line-rate="1" branch-rate="1" complexity="2">
              <lines>
                <line number="14" hits="13" branch="False" />
                <line number="15" hits="13" branch="False" />
                <line number="16" hits="13" branch="False" />
                <line number="17" hits="13" branch="False" />
                <line number="18" hits="13" branch="False" />
                <line number="19" hits="13" branch="False" />
                <line number="20" hits="13" branch="True" condition-coverage="100% (2/2)">
                  <conditions>
                    <condition number="14" type="jump" coverage="100%" />
                  </conditions>
                </line>
                <line number="21" hits="3" branch="False" />
                <line number="23" hits="10" branch="False" />
                <line number="24" hits="10" branch="False" />
                <line number="25" hits="10" branch="False" />
                <line number="26" hits="10" branch="False" />
                <line number="27" hits="10" branch="False" />
              </lines>
            </method>
          </methods>
          <lines>
            <line number="7" hits="17" branch="False" />
            <line number="8" hits="16" branch="False" />
            <line number="9" hits="16" branch="False" />
            <line number="10" hits="17" branch="False" />
            <line number="34" hits="5" branch="False" />
            <line number="35" hits="5" branch="True" condition-coverage="100% (2/2)">
              <conditions>
                <condition number="7" type="jump" coverage="100%" />
              </conditions>
            </line>
            <line number="36" hits="2" branch="False" />
            <line number="38" hits="3" branch="False" />
            <line number="39" hits="3" branch="False" />
            <line number="40" hits="3" branch="False" />
            <line number="41" hits="3" branch="False" />
            <line number="42" hits="3" branch="False" />
            <line number="12" hits="0" branch="False" />
            <line number="14" hits="13" branch="False" />
            <line number="15" hits="13" branch="False" />
            <line number="16" hits="13" branch="False" />
            <line number="17" hits="13" branch="False" />
            <line number="18" hits="13" branch="False" />
            <line number="19" hits="13" branch="False" />
            <line number="20" hits="13" branch="True" condition-coverage="100% (2/2)">
              <conditions>
                <condition number="14" type="jump" coverage="100%" />
              </conditions>
            </line>
            <line number="21" hits="3" branch="False" />
            <line number="23" hits="10" branch="False" />
            <line number="24" hits="10" branch="False" />
            <line number="25" hits="10" branch="False" />
            <line number="26" hits="10" branch="False" />
            <line number="27" hits="10" branch="False" />
          </lines>
        </class>
        <class name="TeejoshSystem.Domain.Entities.Detalles.VariosDetalle" filename="Entities/Detalles/VariosDetalle.cs" line-rate="0.9704999999999999" branch-rate="1" complexity="15">
          <methods>
            <method name="get_Marca" signature="()" line-rate="1" branch-rate="1" complexity="1">
              <lines>
                <line number="7" hits="36" branch="False" />
              </lines>
            </method>
            <method name="get_Alto" signature="()" line-rate="1" branch-rate="1" complexity="1">
              <lines>
                <line number="8" hits="19" branch="False" />
              </lines>
            </method>
            <method name="get_Ancho" signature="()" line-rate="1" branch-rate="1" complexity="1">
              <lines>
                <line number="9" hits="19" branch="False" />
              </lines>
            </method>
            <method name="get_Largo" signature="()" line-rate="1" branch-rate="1" complexity="1">
              <lines>
                <line number="10" hits="21" branch="False" />
              </lines>
            </method>
            <method name="get_Material" signature="()" line-rate="1" branch-rate="1" complexity="1">
              <lines>
                <line number="11" hits="37" branch="False" />
              </lines>
            </method>
            <method name="get_TieneIlustracion" signature="()" line-rate="1" branch-rate="1" complexity="1">
              <lines>
                <line number="12" hits="20" branch="False" />
              </lines>
            </method>
            <method name="Actualizar" signature="(System.String,System.Decimal,System.Decimal,System.Nullable`1&lt;System.Decimal&gt;,System.String,System.Boolean)" line-rate="1" branch-rate="1" complexity="4">
              <lines>
                <line number="42" hits="6" branch="False" />
                <line number="43" hits="6" branch="True" condition-coverage="100% (4/4)">
                  <conditions>
                    <condition number="12" type="jump" coverage="100%" />
                    <condition number="30" type="jump" coverage="100%" />
                  </conditions>
                </line>
                <line number="44" hits="2" branch="False" />
                <line number="46" hits="4" branch="False" />
                <line number="47" hits="4" branch="False" />
                <line number="48" hits="4" branch="False" />
                <line number="49" hits="4" branch="False" />
                <line number="50" hits="4" branch="False" />
                <line number="51" hits="4" branch="False" />
                <line number="52" hits="4" branch="False" />
              </lines>
            </method>
            <method name=".ctor" signature="()" line-rate="0" branch-rate="1" complexity="1">
              <lines>
                <line number="14" hits="0" branch="False" />
              </lines>
            </method>
            <method name=".ctor" signature="(System.String,System.Decimal,System.Decimal,System.Nullable`1&lt;System.Decimal&gt;,System.String,System.Boolean)" line-rate="1" branch-rate="1" complexity="4">
              <lines>
                <line number="16" hits="17" branch="False" />
                <line number="17" hits="17" branch="False" />
                <line number="18" hits="17" branch="False" />
                <line number="19" hits="17" branch="False" />
                <line number="20" hits="17" branch="False" />
                <line number="21" hits="17" branch="False" />
                <line number="22" hits="17" branch="False" />
                <line number="23" hits="17" branch="False" />
                <line number="24" hits="17" branch="True" condition-coverage="100% (4/4)">
                  <conditions>
                    <condition number="33" type="jump" coverage="100%" />
                    <condition number="51" type="jump" coverage="100%" />
                  </conditions>
                </line>
                <line number="25" hits="5" branch="False" />
                <line number="27" hits="12" branch="False" />
                <line number="28" hits="12" branch="False" />
                <line number="29" hits="12" branch="False" />
                <line number="30" hits="12" branch="False" />
                <line number="31" hits="12" branch="False" />
                <line number="32" hits="12" branch="False" />
                <line number="33" hits="12" branch="False" />
              </lines>
            </method>
          </methods>
          <lines>
            <line number="7" hits="36" branch="False" />
            <line number="8" hits="19" branch="False" />
            <line number="9" hits="19" branch="False" />
            <line number="10" hits="21" branch="False" />
            <line number="11" hits="37" branch="False" />
            <line number="12" hits="20" branch="False" />
            <line number="42" hits="6" branch="False" />
            <line number="43" hits="6" branch="True" condition-coverage="100% (4/4)">
              <conditions>
                <condition number="12" type="jump" coverage="100%" />
                <condition number="30" type="jump" coverage="100%" />
              </conditions>
            </line>
            <line number="44" hits="2" branch="False" />
            <line number="46" hits="4" branch="False" />
            <line number="47" hits="4" branch="False" />
            <line number="48" hits="4" branch="False" />
            <line number="49" hits="4" branch="False" />
            <line number="50" hits="4" branch="False" />
            <line number="51" hits="4" branch="False" />
            <line number="52" hits="4" branch="False" />
            <line number="14" hits="0" branch="False" />
            <line number="16" hits="17" branch="False" />
            <line number="17" hits="17" branch="False" />
            <line number="18" hits="17" branch="False" />
            <line number="19" hits="17" branch="False" />
            <line number="20" hits="17" branch="False" />
            <line number="21" hits="17" branch="False" />
            <line number="22" hits="17" branch="False" />
            <line number="23" hits="17" branch="False" />
            <line number="24" hits="17" branch="True" condition-coverage="100% (4/4)">
              <conditions>
                <condition number="33" type="jump" coverage="100%" />
                <condition number="51" type="jump" coverage="100%" />
              </conditions>
            </line>
            <line number="25" hits="5" branch="False" />
            <line number="27" hits="12" branch="False" />
            <line number="28" hits="12" branch="False" />
            <line number="29" hits="12" branch="False" />
            <line number="30" hits="12" branch="False" />
            <line number="31" hits="12" branch="False" />
            <line number="32" hits="12" branch="False" />
            <line number="33" hits="12" branch="False" />
          </lines>
        </class>
        <class name="TeejoshSystem.Domain.Entities.Detalles.VentaDetalle" filename="Entities/Detalles/VentaDetalle.cs" line-rate="0.88" branch-rate="1" complexity="14">
          <methods>
            <method name="get_Id" signature="()" line-rate="0" branch-rate="1" complexity="1">
              <lines>
                <line number="7" hits="0" branch="False" />
              </lines>
            </method>
            <method name="get_VentaId" signature="()" line-rate="0" branch-rate="1" complexity="1">
              <lines>
                <line number="8" hits="0" branch="False" />
              </lines>
            </method>
            <method name="get_ProductoId" signature="()" line-rate="1" branch-rate="1" complexity="1">
              <lines>
                <line number="9" hits="21" branch="False" />
              </lines>
            </method>
            <method name="get_NombreProducto" signature="()" line-rate="1" branch-rate="1" complexity="1">
              <lines>
                <line number="10" hits="53" branch="False" />
              </lines>
            </method>
            <method name="get_Cantidad" signature="()" line-rate="1" branch-rate="1" complexity="1">
              <lines>
                <line number="11" hits="38" branch="False" />
              </lines>
            </method>
            <method name="get_PrecioUnitario" signature="()" line-rate="1" branch-rate="1" complexity="1">
              <lines>
                <line number="14" hits="39" branch="False" />
              </lines>
            </method>
            <method name="get_Subtotal" signature="()" line-rate="1" branch-rate="1" complexity="1">
              <lines>
                <line number="15" hits="17" branch="False" />
              </lines>
            </method>
            <method name=".ctor" signature="()" line-rate="0" branch-rate="1" complexity="1">
              <lines>
                <line number="17" hits="0" branch="False" />
              </lines>
            </method>
            <method name=".ctor" signature="(System.Int32,System.String,System.Int32,System.Decimal)" line-rate="1" branch-rate="1" complexity="6">
              <lines>
                <line number="19" hits="31" branch="False" />
                <line number="20" hits="31" branch="False" />
                <line number="21" hits="31" branch="False" />
                <line number="22" hits="31" branch="False" />
                <line number="23" hits="31" branch="False" />
                <line number="24" hits="31" branch="False" />
                <line number="25" hits="31" branch="True" condition-coverage="100% (2/2)">
                  <conditions>
                    <condition number="24" type="jump" coverage="100%" />
                  </conditions>
                </line>
                <line number="26" hits="4" branch="False" />
                <line number="27" hits="27" branch="True" condition-coverage="100% (2/2)">
                  <conditions>
                    <condition number="51" type="jump" coverage="100%" />
                  </conditions>
                </line>
                <line number="28" hits="3" branch="False" />
                <line number="29" hits="24" branch="True" condition-coverage="100% (2/2)">
                  <conditions>
                    <condition number="72" type="jump" coverage="100%" />
                  </conditions>
                </line>
                <line number="30" hits="4" branch="False" />
                <line number="32" hits="20" branch="False" />
                <line number="33" hits="20" branch="False" />
                <line number="34" hits="20" branch="False" />
                <line number="35" hits="20" branch="False" />
                <line number="36" hits="20" branch="False" />
              </lines>
            </method>
          </methods>
          <lines>
            <line number="7" hits="0" branch="False" />
            <line number="8" hits="0" branch="False" />
            <line number="9" hits="21" branch="False" />
            <line number="10" hits="53" branch="False" />
            <line number="11" hits="38" branch="False" />
            <line number="14" hits="39" branch="False" />
            <line number="15" hits="17" branch="False" />
            <line number="17" hits="0" branch="False" />
            <line number="19" hits="31" branch="False" />
            <line number="20" hits="31" branch="False" />
            <line number="21" hits="31" branch="False" />
            <line number="22" hits="31" branch="False" />
            <line number="23" hits="31" branch="False" />
            <line number="24" hits="31" branch="False" />
            <line number="25" hits="31" branch="True" condition-coverage="100% (2/2)">
              <conditions>
                <condition number="24" type="jump" coverage="100%" />
              </conditions>
            </line>
            <line number="26" hits="4" branch="False" />
            <line number="27" hits="27" branch="True" condition-coverage="100% (2/2)">
              <conditions>
                <condition number="51" type="jump" coverage="100%" />
              </conditions>
            </line>
            <line number="28" hits="3" branch="False" />
            <line number="29" hits="24" branch="True" condition-coverage="100% (2/2)">
              <conditions>
                <condition number="72" type="jump" coverage="100%" />
              </conditions>
            </line>
            <line number="30" hits="4" branch="False" />
            <line number="32" hits="20" branch="False" />
            <line number="33" hits="20" branch="False" />
            <line number="34" hits="20" branch="False" />
            <line number="35" hits="20" branch="False" />
            <line number="36" hits="20" branch="False" />
          </lines>
        </class>
        <class name="TeejoshSystem.Domain.Entities.Catalogos.FunkoCaracteristica" filename="Entities/Catalogos/FunkoCaracteristica.cs" line-rate="0" branch-rate="1" complexity="2">
          <methods>
            <method name="get_Id" signature="()" line-rate="0" branch-rate="1" complexity="1">
              <lines>
                <line number="7" hits="0" branch="False" />
              </lines>
            </method>
            <method name="get_Nombre" signature="()" line-rate="0" branch-rate="1" complexity="1">
              <lines>
                <line number="8" hits="0" branch="False" />
              </lines>
            </method>
          </methods>
          <lines>
            <line number="7" hits="0" branch="False" />
            <line number="8" hits="0" branch="False" />
          </lines>
        </class>
        <class name="TeejoshSystem.Domain.Entities.Catalogos.FunkoSubtipo" filename="Entities/Catalogos/FunkoSubtipo.cs" line-rate="0" branch-rate="1" complexity="2">
          <methods>
            <method name="get_Id" signature="()" line-rate="0" branch-rate="1" complexity="1">
              <lines>
                <line number="7" hits="0" branch="False" />
              </lines>
            </method>
            <method name="get_Nombre" signature="()" line-rate="0" branch-rate="1" complexity="1">
              <lines>
                <line number="8" hits="0" branch="False" />
              </lines>
            </method>
          </methods>
          <lines>
            <line number="7" hits="0" branch="False" />
            <line number="8" hits="0" branch="False" />
          </lines>
        </class>
        <class name="TeejoshSystem.Domain.Entities.Catalogos.HotWheelsCategoria" filename="Entities/Catalogos/HotWheelsCategoria.cs" line-rate="0" branch-rate="1" complexity="2">
          <methods>
            <method name="get_Id" signature="()" line-rate="0" branch-rate="1" complexity="1">
              <lines>
                <line number="7" hits="0" branch="False" />
              </lines>
            </method>
            <method name="get_Nombre" signature="()" line-rate="0" branch-rate="1" complexity="1">
              <lines>
                <line number="8" hits="0" branch="False" />
              </lines>
            </method>
          </methods>
          <lines>
            <line number="7" hits="0" branch="False" />
            <line number="8" hits="0" branch="False" />
          </lines>
        </class>
        <class name="TeejoshSystem.Domain.Entities.Catalogos.TcgExpansion" filename="Entities/Catalogos/TcgExpansion.cs" line-rate="0" branch-rate="1" complexity="4">
          <methods>
            <method name="get_Id" signature="()" line-rate="0" branch-rate="1" complexity="1">
              <lines>
                <line number="7" hits="0" branch="False" />
              </lines>
            </method>
            <method name="get_Nombre" signature="()" line-rate="0" branch-rate="1" complexity="1">
              <lines>
                <line number="8" hits="0" branch="False" />
              </lines>
            </method>
            <method name="get_FranquiciaId" signature="()" line-rate="0" branch-rate="1" complexity="1">
              <lines>
                <line number="9" hits="0" branch="False" />
              </lines>
            </method>
            <method name="get_ImageUrl" signature="()" line-rate="0" branch-rate="1" complexity="1">
              <lines>
                <line number="10" hits="0" branch="False" />
              </lines>
            </method>
          </methods>
          <lines>
            <line number="7" hits="0" branch="False" />
            <line number="8" hits="0" branch="False" />
            <line number="9" hits="0" branch="False" />
            <line number="10" hits="0" branch="False" />
          </lines>
        </class>
        <class name="TeejoshSystem.Domain.Entities.Catalogos.TcgFranquicia" filename="Entities/Catalogos/TcgFranquicia.cs" line-rate="0" branch-rate="1" complexity="2">
          <methods>
            <method name="get_Id" signature="()" line-rate="0" branch-rate="1" complexity="1">
              <lines>
                <line number="7" hits="0" branch="False" />
              </lines>
            </method>
            <method name="get_Nombre" signature="()" line-rate="0" branch-rate="1" complexity="1">
              <lines>
                <line number="8" hits="0" branch="False" />
              </lines>
            </method>
          </methods>
          <lines>
            <line number="7" hits="0" branch="False" />
            <line number="8" hits="0" branch="False" />
          </lines>
        </class>
        <class name="TeejoshSystem.Domain.Entities.Catalogos.TcgPack" filename="Entities/Catalogos/TcgPack.cs" line-rate="0" branch-rate="1" complexity="3">
          <methods>
            <method name="get_Id" signature="()" line-rate="0" branch-rate="1" complexity="1">
              <lines>
                <line number="7" hits="0" branch="False" />
              </lines>
            </method>
            <method name="get_Nombre" signature="()" line-rate="0" branch-rate="1" complexity="1">
              <lines>
                <line number="8" hits="0" branch="False" />
              </lines>
            </method>
            <method name="get_FranquiciaId" signature="()" line-rate="0" branch-rate="1" complexity="1">
              <lines>
                <line number="9" hits="0" branch="False" />
              </lines>
            </method>
          </methods>
          <lines>
            <line number="7" hits="0" branch="False" />
            <line number="8" hits="0" branch="False" />
            <line number="9" hits="0" branch="False" />
          </lines>
        </class>
      </classes>
    </package>
  </packages>
</coverage>